<?xml version="1.0" encoding="UTF-8"?>
<testsuite xmlns:xsi="http://www.w3.org/2001/XMLSchema-instance" xsi:noNamespaceSchemaLocation="https://maven.apache.org/surefire/maven-surefire-plugin/xsd/surefire-test-report.xsd" name="com.kuang.DemoApplicationTests" time="5.969" tests="1" errors="0" skipped="0" failures="0">
  <properties>
    <property name="sun.desktop" value="windows"/>
    <property name="awt.toolkit" value="sun.awt.windows.WToolkit"/>
    <property name="file.encoding.pkg" value="sun.io"/>
    <property name="java.specification.version" value="1.8"/>
    <property name="sun.cpu.isalist" value="amd64"/>
    <property name="sun.jnu.encoding" value="GBK"/>
    <property name="java.class.path" value="G:\IDEA项目\springboot\springboot-03-web\target\test-classes;G:\IDEA项目\springboot\springboot-03-web\target\classes;F:\maven_repos\org\springframework\boot\spring-boot-starter-web\2.4.0\spring-boot-starter-web-2.4.0.jar;F:\maven_repos\org\springframework\boot\spring-boot-starter\2.4.0\spring-boot-starter-2.4.0.jar;F:\maven_repos\org\springframework\boot\spring-boot\2.4.0\spring-boot-2.4.0.jar;F:\maven_repos\org\springframework\boot\spring-boot-autoconfigure\2.4.0\spring-boot-autoconfigure-2.4.0.jar;F:\maven_repos\org\springframework\boot\spring-boot-starter-logging\2.4.0\spring-boot-starter-logging-2.4.0.jar;F:\maven_repos\ch\qos\logback\logback-classic\1.2.3\logback-classic-1.2.3.jar;F:\maven_repos\ch\qos\logback\logback-core\1.2.3\logback-core-1.2.3.jar;F:\maven_repos\org\apache\logging\log4j\log4j-to-slf4j\2.13.3\log4j-to-slf4j-2.13.3.jar;F:\maven_repos\org\apache\logging\log4j\log4j-api\2.13.3\log4j-api-2.13.3.jar;F:\maven_repos\org\slf4j\jul-to-slf4j\1.7.30\jul-to-slf4j-1.7.30.jar;F:\maven_repos\jakarta\annotation\jakarta.annotation-api\1.3.5\jakarta.annotation-api-1.3.5.jar;F:\maven_repos\org\yaml\snakeyaml\1.27\snakeyaml-1.27.jar;F:\maven_repos\org\springframework\boot\spring-boot-starter-json\2.4.0\spring-boot-starter-json-2.4.0.jar;F:\maven_repos\com\fasterxml\jackson\core\jackson-databind\2.11.3\jackson-databind-2.11.3.jar;F:\maven_repos\com\fasterxml\jackson\core\jackson-annotations\2.11.3\jackson-annotations-2.11.3.jar;F:\maven_repos\com\fasterxml\jackson\core\jackson-core\2.11.3\jackson-core-2.11.3.jar;F:\maven_repos\com\fasterxml\jackson\datatype\jackson-datatype-jdk8\2.11.3\jackson-datatype-jdk8-2.11.3.jar;F:\maven_repos\com\fasterxml\jackson\datatype\jackson-datatype-jsr310\2.11.3\jackson-datatype-jsr310-2.11.3.jar;F:\maven_repos\com\fasterxml\jackson\module\jackson-module-parameter-names\2.11.3\jackson-module-parameter-names-2.11.3.jar;F:\maven_repos\org\springframework\boot\spring-boot-starter-tomcat\2.4.0\spring-boot-starter-tomcat-2.4.0.jar;F:\maven_repos\org\apache\tomcat\embed\tomcat-embed-core\9.0.39\tomcat-embed-core-9.0.39.jar;F:\maven_repos\org\glassfish\jakarta.el\3.0.3\jakarta.el-3.0.3.jar;F:\maven_repos\org\apache\tomcat\embed\tomcat-embed-websocket\9.0.39\tomcat-embed-websocket-9.0.39.jar;F:\maven_repos\org\springframework\spring-web\5.3.1\spring-web-5.3.1.jar;F:\maven_repos\org\springframework\spring-beans\5.3.1\spring-beans-5.3.1.jar;F:\maven_repos\org\springframework\spring-webmvc\5.3.1\spring-webmvc-5.3.1.jar;F:\maven_repos\org\springframework\spring-aop\5.3.1\spring-aop-5.3.1.jar;F:\maven_repos\org\springframework\spring-context\5.3.1\spring-context-5.3.1.jar;F:\maven_repos\org\springframework\spring-expression\5.3.1\spring-expression-5.3.1.jar;F:\maven_repos\org\springframework\boot\spring-boot-starter-test\2.4.0\spring-boot-starter-test-2.4.0.jar;F:\maven_repos\org\springframework\boot\spring-boot-test\2.4.0\spring-boot-test-2.4.0.jar;F:\maven_repos\org\springframework\boot\spring-boot-test-autoconfigure\2.4.0\spring-boot-test-autoconfigure-2.4.0.jar;F:\maven_repos\com\jayway\jsonpath\json-path\2.4.0\json-path-2.4.0.jar;F:\maven_repos\net\minidev\json-smart\2.3\json-smart-2.3.jar;F:\maven_repos\net\minidev\accessors-smart\1.2\accessors-smart-1.2.jar;F:\maven_repos\org\ow2\asm\asm\5.0.4\asm-5.0.4.jar;F:\maven_repos\org\slf4j\slf4j-api\1.7.30\slf4j-api-1.7.30.jar;F:\maven_repos\jakarta\xml\bind\jakarta.xml.bind-api\2.3.3\jakarta.xml.bind-api-2.3.3.jar;F:\maven_repos\jakarta\activation\jakarta.activation-api\1.2.2\jakarta.activation-api-1.2.2.jar;F:\maven_repos\org\assertj\assertj-core\3.18.1\assertj-core-3.18.1.jar;F:\maven_repos\org\hamcrest\hamcrest\2.2\hamcrest-2.2.jar;F:\maven_repos\org\junit\jupiter\junit-jupiter\5.7.0\junit-jupiter-5.7.0.jar;F:\maven_repos\org\junit\jupiter\junit-jupiter-api\5.7.0\junit-jupiter-api-5.7.0.jar;F:\maven_repos\org\apiguardian\apiguardian-api\1.1.0\apiguardian-api-1.1.0.jar;F:\maven_repos\org\opentest4j\opentest4j\1.2.0\opentest4j-1.2.0.jar;F:\maven_repos\org\junit\platform\junit-platform-commons\1.7.0\junit-platform-commons-1.7.0.jar;F:\maven_repos\org\junit\jupiter\junit-jupiter-params\5.7.0\junit-jupiter-params-5.7.0.jar;F:\maven_repos\org\junit\jupiter\junit-jupiter-engine\5.7.0\junit-jupiter-engine-5.7.0.jar;F:\maven_repos\org\junit\platform\junit-platform-engine\1.7.0\junit-platform-engine-1.7.0.jar;F:\maven_repos\org\mockito\mockito-core\3.6.0\mockito-core-3.6.0.jar;F:\maven_repos\net\bytebuddy\byte-buddy\1.10.18\byte-buddy-1.10.18.jar;F:\maven_repos\net\bytebuddy\byte-buddy-agent\1.10.18\byte-buddy-agent-1.10.18.jar;F:\maven_repos\org\objenesis\objenesis\3.1\objenesis-3.1.jar;F:\maven_repos\org\mockito\mockito-junit-jupiter\3.6.0\mockito-junit-jupiter-3.6.0.jar;F:\maven_repos\org\skyscreamer\jsonassert\1.5.0\jsonassert-1.5.0.jar;F:\maven_repos\com\vaadin\external\google\android-json\0.0.20131108.vaadin1\android-json-0.0.20131108.vaadin1.jar;F:\maven_repos\org\springframework\spring-core\5.3.1\spring-core-5.3.1.jar;F:\maven_repos\org\springframework\spring-jcl\5.3.1\spring-jcl-5.3.1.jar;F:\maven_repos\org\springframework\spring-test\5.3.1\spring-test-5.3.1.jar;F:\maven_repos\org\xmlunit\xmlunit-core\2.7.0\xmlunit-core-2.7.0.jar;"/>
    <property name="java.vm.vendor" value="Oracle Corporation"/>
    <property name="sun.arch.data.model" value="64"/>
    <property name="user.variant" value=""/>
    <property name="java.vendor.url" value="http://java.oracle.com/"/>
    <property name="user.timezone" value="Asia/Shanghai"/>
    <property name="java.vm.specification.version" value="1.8"/>
    <property name="os.name" value="Windows 10"/>
    <property name="user.country" value="CN"/>
    <property name="sun.java.launcher" value="SUN_STANDARD"/>
    <property name="sun.boot.library.path" value="F:\jdk1.8.0_65\jre\bin"/>
    <property name="sun.java.command" value="C:\Users\爱喝雪~1\AppData\Local\Temp\surefire3449415045302871907\surefirebooter3047842226061589674.jar C:\Users\爱喝雪碧的大个子\AppData\Local\Temp\surefire3449415045302871907 2020-11-21T21-27-19_855-jvmRun1 surefire2640193596156692337tmp surefire_07929279295071504403tmp"/>
    <property name="surefire.test.class.path" value="G:\IDEA项目\springboot\springboot-03-web\target\test-classes;G:\IDEA项目\springboot\springboot-03-web\target\classes;F:\maven_repos\org\springframework\boot\spring-boot-starter-web\2.4.0\spring-boot-starter-web-2.4.0.jar;F:\maven_repos\org\springframework\boot\spring-boot-starter\2.4.0\spring-boot-starter-2.4.0.jar;F:\maven_repos\org\springframework\boot\spring-boot\2.4.0\spring-boot-2.4.0.jar;F:\maven_repos\org\springframework\boot\spring-boot-autoconfigure\2.4.0\spring-boot-autoconfigure-2.4.0.jar;F:\maven_repos\org\springframework\boot\spring-boot-starter-logging\2.4.0\spring-boot-starter-logging-2.4.0.jar;F:\maven_repos\ch\qos\logback\logback-classic\1.2.3\logback-classic-1.2.3.jar;F:\maven_repos\ch\qos\logback\logback-core\1.2.3\logback-core-1.2.3.jar;F:\maven_repos\org\apache\logging\log4j\log4j-to-slf4j\2.13.3\log4j-to-slf4j-2.13.3.jar;F:\maven_repos\org\apache\logging\log4j\log4j-api\2.13.3\log4j-api-2.13.3.jar;F:\maven_repos\org\slf4j\jul-to-slf4j\1.7.30\jul-to-slf4j-1.7.30.jar;F:\maven_repos\jakarta\annotation\jakarta.annotation-api\1.3.5\jakarta.annotation-api-1.3.5.jar;F:\maven_repos\org\yaml\snakeyaml\1.27\snakeyaml-1.27.jar;F:\maven_repos\org\springframework\boot\spring-boot-starter-json\2.4.0\spring-boot-starter-json-2.4.0.jar;F:\maven_repos\com\fasterxml\jackson\core\jackson-databind\2.11.3\jackson-databind-2.11.3.jar;F:\maven_repos\com\fasterxml\jackson\core\jackson-annotations\2.11.3\jackson-annotations-2.11.3.jar;F:\maven_repos\com\fasterxml\jackson\core\jackson-core\2.11.3\jackson-core-2.11.3.jar;F:\maven_repos\com\fasterxml\jackson\datatype\jackson-datatype-jdk8\2.11.3\jackson-datatype-jdk8-2.11.3.jar;F:\maven_repos\com\fasterxml\jackson\datatype\jackson-datatype-jsr310\2.11.3\jackson-datatype-jsr310-2.11.3.jar;F:\maven_repos\com\fasterxml\jackson\module\jackson-module-parameter-names\2.11.3\jackson-module-parameter-names-2.11.3.jar;F:\maven_repos\org\springframework\boot\spring-boot-starter-tomcat\2.4.0\spring-boot-starter-tomcat-2.4.0.jar;F:\maven_repos\org\apache\tomcat\embed\tomcat-embed-core\9.0.39\tomcat-embed-core-9.0.39.jar;F:\maven_repos\org\glassfish\jakarta.el\3.0.3\jakarta.el-3.0.3.jar;F:\maven_repos\org\apache\tomcat\embed\tomcat-embed-websocket\9.0.39\tomcat-embed-websocket-9.0.39.jar;F:\maven_repos\org\springframework\spring-web\5.3.1\spring-web-5.3.1.jar;F:\maven_repos\org\springframework\spring-beans\5.3.1\spring-beans-5.3.1.jar;F:\maven_repos\org\springframework\spring-webmvc\5.3.1\spring-webmvc-5.3.1.jar;F:\maven_repos\org\springframework\spring-aop\5.3.1\spring-aop-5.3.1.jar;F:\maven_repos\org\springframework\spring-context\5.3.1\spring-context-5.3.1.jar;F:\maven_repos\org\springframework\spring-expression\5.3.1\spring-expression-5.3.1.jar;F:\maven_repos\org\springframework\boot\spring-boot-starter-test\2.4.0\spring-boot-starter-test-2.4.0.jar;F:\maven_repos\org\springframework\boot\spring-boot-test\2.4.0\spring-boot-test-2.4.0.jar;F:\maven_repos\org\springframework\boot\spring-boot-test-autoconfigure\2.4.0\spring-boot-test-autoconfigure-2.4.0.jar;F:\maven_repos\com\jayway\jsonpath\json-path\2.4.0\json-path-2.4.0.jar;F:\maven_repos\net\minidev\json-smart\2.3\json-smart-2.3.jar;F:\maven_repos\net\minidev\accessors-smart\1.2\accessors-smart-1.2.jar;F:\maven_repos\org\ow2\asm\asm\5.0.4\asm-5.0.4.jar;F:\maven_repos\org\slf4j\slf4j-api\1.7.30\slf4j-api-1.7.30.jar;F:\maven_repos\jakarta\xml\bind\jakarta.xml.bind-api\2.3.3\jakarta.xml.bind-api-2.3.3.jar;F:\maven_repos\jakarta\activation\jakarta.activation-api\1.2.2\jakarta.activation-api-1.2.2.jar;F:\maven_repos\org\assertj\assertj-core\3.18.1\assertj-core-3.18.1.jar;F:\maven_repos\org\hamcrest\hamcrest\2.2\hamcrest-2.2.jar;F:\maven_repos\org\junit\jupiter\junit-jupiter\5.7.0\junit-jupiter-5.7.0.jar;F:\maven_repos\org\junit\jupiter\junit-jupiter-api\5.7.0\junit-jupiter-api-5.7.0.jar;F:\maven_repos\org\apiguardian\apiguardian-api\1.1.0\apiguardian-api-1.1.0.jar;F:\maven_repos\org\opentest4j\opentest4j\1.2.0\opentest4j-1.2.0.jar;F:\maven_repos\org\junit\platform\junit-platform-commons\1.7.0\junit-platform-commons-1.7.0.jar;F:\maven_repos\org\junit\jupiter\junit-jupiter-params\5.7.0\junit-jupiter-params-5.7.0.jar;F:\maven_repos\org\junit\jupiter\junit-jupiter-engine\5.7.0\junit-jupiter-engine-5.7.0.jar;F:\maven_repos\org\junit\platform\junit-platform-engine\1.7.0\junit-platform-engine-1.7.0.jar;F:\maven_repos\org\mockito\mockito-core\3.6.0\mockito-core-3.6.0.jar;F:\maven_repos\net\bytebuddy\byte-buddy\1.10.18\byte-buddy-1.10.18.jar;F:\maven_repos\net\bytebuddy\byte-buddy-agent\1.10.18\byte-buddy-agent-1.10.18.jar;F:\maven_repos\org\objenesis\objenesis\3.1\objenesis-3.1.jar;F:\maven_repos\org\mockito\mockito-junit-jupiter\3.6.0\mockito-junit-jupiter-3.6.0.jar;F:\maven_repos\org\skyscreamer\jsonassert\1.5.0\jsonassert-1.5.0.jar;F:\maven_repos\com\vaadin\external\google\android-json\0.0.20131108.vaadin1\android-json-0.0.20131108.vaadin1.jar;F:\maven_repos\org\springframework\spring-core\5.3.1\spring-core-5.3.1.jar;F:\maven_repos\org\springframework\spring-jcl\5.3.1\spring-jcl-5.3.1.jar;F:\maven_repos\org\springframework\spring-test\5.3.1\spring-test-5.3.1.jar;F:\maven_repos\org\xmlunit\xmlunit-core\2.7.0\xmlunit-core-2.7.0.jar;"/>
    <property name="sun.cpu.endian" value="little"/>
    <property name="user.home" value="C:\Users\爱喝雪碧的大个子"/>
    <property name="user.language" value="zh"/>
    <property name="java.specification.vendor" value="Oracle Corporation"/>
    <property name="java.home" value="F:\jdk1.8.0_65\jre"/>
    <property name="basedir" value="G:\IDEA项目\springboot\springboot-03-web"/>
    <property name="file.separator" value="\"/>
    <property name="line.separator" value="&#10;"/>
    <property name="java.vm.specification.vendor" value="Oracle Corporation"/>
    <property name="java.specification.name" value="Java Platform API Specification"/>
    <property name="java.awt.graphicsenv" value="sun.awt.Win32GraphicsEnvironment"/>
    <property name="surefire.real.class.path" value="C:\Users\爱喝雪~1\AppData\Local\Temp\surefire3449415045302871907\surefirebooter3047842226061589674.jar"/>
    <property name="sun.boot.class.path" value="F:\jdk1.8.0_65\jre\lib\resources.jar;F:\jdk1.8.0_65\jre\lib\rt.jar;F:\jdk1.8.0_65\jre\lib\sunrsasign.jar;F:\jdk1.8.0_65\jre\lib\jsse.jar;F:\jdk1.8.0_65\jre\lib\jce.jar;F:\jdk1.8.0_65\jre\lib\charsets.jar;F:\jdk1.8.0_65\jre\lib\jfr.jar;F:\jdk1.8.0_65\jre\classes"/>
    <property name="user.script" value=""/>
    <property name="sun.management.compiler" value="HotSpot 64-Bit Tiered Compilers"/>
    <property name="java.runtime.version" value="1.8.0_65-b17"/>
    <property name="user.name" value="爱喝雪碧的大个子"/>
    <property name="path.separator" value=";"/>
    <property name="os.version" value="10.0"/>
    <property name="java.endorsed.dirs" value="F:\jdk1.8.0_65\jre\lib\endorsed"/>
    <property name="java.runtime.name" value="Java(TM) SE Runtime Environment"/>
    <property name="file.encoding" value="GBK"/>
    <property name="java.vm.name" value="Java HotSpot(TM) 64-Bit Server VM"/>
    <property name="localRepository" value="F:\maven_repos"/>
    <property name="java.vendor.url.bug" value="http://bugreport.sun.com/bugreport/"/>
    <property name="java.io.tmpdir" value="C:\Users\爱喝雪~1\AppData\Local\Temp\"/>
    <property name="idea.version" value="2018.2"/>
    <property name="java.version" value="1.8.0_65"/>
    <property name="user.dir" value="G:\IDEA项目\springboot\springboot-03-web"/>
    <property name="os.arch" value="amd64"/>
    <property name="java.vm.specification.name" value="Java Virtual Machine Specification"/>
    <property name="java.awt.printerjob" value="sun.awt.windows.WPrinterJob"/>
    <property name="sun.os.patch.level" value=""/>
    <property name="java.library.path" value="F:\jdk1.8.0_65\jre\bin;C:\Windows\Sun\Java\bin;C:\Windows\system32;C:\Windows;F:\xshell安装处\;F:;oracle\product\11.2.0\dbhome_1\bin;F:\jdk1.8.0_65\jre\bin;F:\jdk1.8.0_65\bin;C:\ProgramData\Oracle\Java\javapath;C:\Program Files (x86)\Common Files\Intel\Shared Libraries\redist\intel64\compiler;C:\Windows\system32;C:\Windows;C:\Windows\System32\Wbem;C:\Windows\System32\WindowsPowerShell\v1.0\;C:\Windows\System32\OpenSSH\;C:\Program Files\WIDCOMM\Bluetooth Software\;C:\Program Files\WIDCOMM\Bluetooth Software\syswow64;C:\Program Files (x86)\NVIDIA Corporation\PhysX\Common;C:\Program Files\NVIDIA Corporation\NVIDIA NvDLISR;F:\Python38instell;C:\Program Files\Microsoft SQL Server\130\Tools\Binn\;C:\Program Files\Microsoft SQL Server\Client SDK\ODBC\170\Tools\Binn\;C:\Program Files\MySQL\MySQL Server 5.6\bin;C:\Program Files\dotnet\;F:\MySQL\MySQL Server 5.5\bin;F:\node\;F:\apache-tomcat-8.5.37-windows-x64\apache-tomcat-8.5.37\bin;F:\apache-tomcat-8.5.37-windows-x64\apache-tomcat-8.5.37\lib;F:\apache-maven-3.5.2-bin\apache-maven-3.5.2\bin;C:\Program Files\TortoiseSVN\bin;C:\Program Files\VisualSVN Server\bin;F:\nodejs\;F:\nodejs\node_global;F:\Git\cmd;F:\Python38instell\Scripts\;F:\Python38instell\;C:\Users\爱喝雪碧的大个子\AppData\Local\Microsoft\WindowsApps;C:\Users\爱喝雪碧的大个子\AppData\Local\GitHubDesktop\bin;F:\IntelliJ软件安装处\IntelliJ IDEA 2020.1.2\bin;;C:\Users\爱喝雪碧的大个子\AppData\Roaming\npm;F:\SSH Secure Shell;."/>
    <property name="java.vm.info" value="mixed mode"/>
    <property name="java.vendor" value="Oracle Corporation"/>
    <property name="java.vm.version" value="25.65-b01"/>
    <property name="java.ext.dirs" value="F:\jdk1.8.0_65\jre\lib\ext;C:\Windows\Sun\Java\lib\ext"/>
    <property name="sun.io.unicode.encoding" value="UnicodeLittle"/>
    <property name="java.class.version" value="52.0"/>
  </properties>
  <testcase name="contextLoads" classname="com.kuang.DemoApplicationTests" time="0.365"/>
</testsuite>